<?xml version="1.0" encoding="UTF-8"?>
<testsuite xmlns:xsi="http://www.w3.org/2001/XMLSchema-instance" xsi:noNamespaceSchemaLocation="https://maven.apache.org/surefire/maven-surefire-plugin/xsd/surefire-test-report.xsd" name="cn.like.rag.service.ChunkerTest" time="0.017" tests="4" errors="0" skipped="0" failures="0">
  <properties>
[...]
</properties>
  <testcase name="shouldKeepLargeParagraphsWithinTokenLimit" classname="cn.like.rag.service.ChunkerTest" time="0"/>
  <testcase name="shouldSplitByHeadingAndParagraph" classname="cn.like.rag.service.ChunkerTest" time="0.01"/>
  <testcase name="shouldNotMixHeadingTextIntoChunks" classname="cn.like.rag.service.ChunkerTest" time="0.002"/>
  <testcase name="shouldNormalizeHtmlBeforeChunking" classname="cn.like.rag.service.ChunkerTest" time="0.004"/>
</testsuite>